[0402/012819.675:ERROR:process_memory_win.cc(73)] ReadMemory at 0x7ff6e6960000 of 64 bytes failed: Only part of a ReadProcessMemory or WriteProcessMemory request was completed. (0x12B)
[0402/012820.778:WARNING:pe_image_reader.cc(340)] could not read dos header from C:\Program Files (x86)\Google\Chrome\Application\chrome.exe
[0402/012820.778:ERROR:process_memory_win.cc(73)] ReadMemory at 0x7ffc857c0000 of 64 bytes failed: Only part of a ReadProcessMemory or WriteProcessMemory request was completed. (0x12B)
[0402/012820.778:WARNING:pe_image_reader.cc(340)] could not read dos header from C:\WINDOWS\SYSTEM32\ntdll.dll
[0402/012820.779:ERROR:process_memory_win.cc(73)] ReadMemory at 0x7ffc84fc0000 of 64 bytes failed: Only part of a ReadProcessMemory or WriteProcessMemory request was completed. (0x12B)
[0402/012820.817:WARNING:pe_image_reader.cc(340)] could not read dos header from C:\WINDOWS\System32\KERNEL32.DLL
[0402/012820.817:ERROR:process_memory_win.cc(73)] ReadMemory at 0x7ffc82280000 of 64 bytes failed: Only part of a ReadProcessMemory or WriteProcessMemory request was completed. (0x12B)
[0402/012820.817:WARNING:pe_image_reader.cc(340)] could not read dos header from C:\WINDOWS\System32\KERNELBASE.dll
[0402/012820.817:ERROR:process_memory_win.cc(73)] ReadMemory at 0x7ffc543f0000 of 64 bytes failed: Only part of a ReadProcessMemory or WriteProcessMemory request was completed. (0x12B)
[0402/012820.817:WARNING:pe_image_reader.cc(340)] could not read dos header from C:\Program Files (x86)\Google\Chrome\Application\80.0.3987.162\chrome_elf.dll
[0402/012820.817:ERROR:process_memory_win.cc(73)] ReadMemory at 0x7ffc7c810000 of 64 bytes failed: Only part of a ReadProcessMemory or WriteProcessMemory request was completed. (0x12B)
[0402/012820.817:WARNING:pe_image_reader.cc(340)] could not read dos header from C:\WINDOWS\SYSTEM32\VERSION.dll
[0402/012820.817:ERROR:process_memory_win.cc(73)] ReadMemory at 0x7ffc84bd0000 of 64 bytes failed: Only part of a ReadProcessMemory or WriteProcessMemory request was completed. (0x12B)
[0402/012820.817:WARNING:pe_image_reader.cc(340)] could not read dos header from C:\WINDOWS\System32\msvcrt.dll
[0402/012820.817:ERROR:process_memory_win.cc(73)] ReadMemory at 0x7ffc82750000 of 64 bytes failed: Only part of a ReadProcessMemory or WriteProcessMemory request was completed. (0x12B)
[0402/012820.817:WARNING:pe_image_reader.cc(340)] could not read dos header from C:\WINDOWS\System32\bcryptPrimitives.dll
[0402/012820.817:ERROR:process_memory_win.cc(73)] ReadMemory at 0x7ffc842c0000 of 64 bytes failed: Only part of a ReadProcessMemory or WriteProcessMemory request was completed. (0x12B)
[0402/012820.817:WARNING:pe_image_reader.cc(340)] could not read dos header from C:\WINDOWS\System32\ADVAPI32.dll
[0402/012820.817:ERROR:process_memory_win.cc(73)] ReadMemory at 0x1efe16e0000 of 64 bytes failed: Only part of a ReadProcessMemory or WriteProcessMemory request was completed. (0x12B)
[0402/012820.817:WARNING:pe_image_reader.cc(340)] could not read dos header from C:\WINDOWS\System32\sechost.dll
[0402/012820.817:ERROR:process_memory_win.cc(73)] ReadMemory at 0x7ffc82a40000 of 64 bytes failed: Only part of a ReadProcessMemory or WriteProcessMemory request was completed. (0x12B)
[0402/012820.817:WARNING:pe_image_reader.cc(340)] could not read dos header from C:\WINDOWS\System32\RPCRT4.dll
[0402/012820.817:ERROR:process_memory_win.cc(73)] ReadMemory at 0x7ffc2c180000 of 64 bytes failed: Only part of a ReadProcessMemory or WriteProcessMemory request was completed. (0x12B)
[0402/012820.817:WARNING:pe_image_reader.cc(340)] could not read dos header from C:\Program Files (x86)\Google\Chrome\Application\80.0.3987.162\chrome.dll
[0402/012820.817:ERROR:process_memory_win.cc(73)] ReadMemory at 0x7ffc82d20000 of 64 bytes failed: Only part of a ReadProcessMemory or WriteProcessMemory request was completed. (0x12B)
[0402/012820.817:WARNING:pe_image_reader.cc(340)] could not read dos header from C:\WINDOWS\System32\WS2_32.dll
[0402/012820.817:ERROR:process_memory_win.cc(73)] ReadMemory at 0x7ffc84450000 of 64 bytes failed: Only part of a ReadProcessMemory or WriteProcessMemory request was completed. (0x12B)
[0402/012820.817:WARNING:pe_image_reader.cc(340)] could not read dos header from C:\WINDOWS\System32\OLEAUT32.dll
[0402/012820.817:ERROR:process_memory_win.cc(73)] ReadMemory at 0x7ffc821e0000 of 64 bytes failed: Only part of a ReadProcessMemory or WriteProcessMemory request was completed. (0x12B)
[0402/012820.817:WARNING:pe_image_reader.cc(340)] could not read dos header from C:\WINDOWS\System32\msvcp_win.dll
[0402/012820.817:ERROR:process_memory_win.cc(73)] ReadMemory at 0x7ffc81940000 of 64 bytes failed: Only part of a ReadProcessMemory or WriteProcessMemory request was completed. (0x12B)
[0402/012820.817:WARNING:pe_image_reader.cc(340)] could not read dos header from C:\WINDOWS\System32\ucrtbase.dll
[0402/012820.818:ERROR:process_memory_win.cc(73)] ReadMemory at 0x7ffc85280000 of 64 bytes failed: Only part of a ReadProcessMemory or WriteProcessMemory request was completed. (0x12B)
[0402/012820.818:WARNING:pe_image_reader.cc(340)] could not read dos header from C:\WINDOWS\System32\combase.dll
[0402/012820.818:ERROR:process_memory_win.cc(73)] ReadMemory at 0x7ffc818e0000 of 64 bytes failed: Only part of a ReadProcessMemory or WriteProcessMemory request was completed. (0x12B)
[0402/012820.818:WARNING:pe_image_reader.cc(340)] could not read dos header from C:\WINDOWS\System32\WINTRUST.dll
[0402/012820.818:ERROR:process_memory_win.cc(73)] ReadMemory at 0x7ffc81840000 of 64 bytes failed: Only part of a ReadProcessMemory or WriteProcessMemory request was completed. (0x12B)
[0402/012820.818:WARNING:pe_image_reader.cc(340)] could not read dos header from C:\WINDOWS\System32\MSASN1.dll
[0402/012820.818:ERROR:process_memory_win.cc(73)] ReadMemory at 0x7ffc82520000 of 64 bytes failed: Only part of a ReadProcessMemory or WriteProcessMemory request was completed. (0x12B)
[0402/012820.818:WARNING:pe_image_reader.cc(340)] could not read dos header from C:\WINDOWS\System32\CRYPT32.dll
[0402/012820.818:ERROR:process_memory_win.cc(73)] ReadMemory at 0x7ffc80d40000 of 64 bytes failed: Only part of a ReadProcessMemory or WriteProcessMemory request was completed. (0x12B)
[0402/012820.818:WARNING:pe_image_reader.cc(340)] could not read dos header from C:\WINDOWS\SYSTEM32\IPHLPAPI.DLL
[0402/012820.818:ERROR:process_memory_win.cc(73)] ReadMemory at 0x7ffc7f430000 of 64 bytes failed: Only part of a ReadProcessMemory or WriteProcessMemory request was completed. (0x12B)
[0402/012820.818:WARNING:pe_image_reader.cc(340)] could not read dos header from C:\WINDOWS\SYSTEM32\WINMM.dll
[0402/012820.818:ERROR:process_memory_win.cc(73)] ReadMemory at 0x7ffc71fd0000 of 64 bytes failed: Only part of a ReadProcessMemory or WriteProcessMemory request was completed. (0x12B)
[0402/012820.818:WARNING:pe_image_reader.cc(340)] could not read dos header from C:\WINDOWS\SYSTEM32\Secur32.dll
[0402/012820.818:ERROR:process_memory_win.cc(73)] ReadMemory at 0x7ffc81710000 of 64 bytes failed: Only part of a ReadProcessMemory or WriteProcessMemory request was completed. (0x12B)
[0402/012820.818:WARNING:pe_image_reader.cc(340)] could not read dos header from C:\WINDOWS\SYSTEM32\USERENV.dll
[0402/012820.818:ERROR:process_memory_win.cc(73)] ReadMemory at 0x7ffc81810000 of 64 bytes failed: Only part of a ReadProcessMemory or WriteProcessMemory request was completed. (0x12B)
[0402/012820.818:WARNING:pe_image_reader.cc(340)] could not read dos header from C:\WINDOWS\System32\profapi.dll
[0402/012820.818:ERROR:process_memory_win.cc(73)] ReadMemory at 0x7ffc5cf40000 of 64 bytes failed: Only part of a ReadProcessMemory or WriteProcessMemory request was completed. (0x12B)
[0402/012820.818:WARNING:pe_image_reader.cc(340)] could not read dos header from C:\WINDOWS\SYSTEM32\UIAutomationCore.DLL
[0402/012820.818:ERROR:process_memory_win.cc(73)] ReadMemory at 0x7ffc73cb0000 of 64 bytes failed: Only part of a ReadProcessMemory or WriteProcessMemory request was completed. (0x12B)
[0402/012820.818:WARNING:pe_image_reader.cc(340)] could not read dos header from C:\WINDOWS\SYSTEM32\DWrite.dll
[0402/012820.818:ERROR:process_memory_win.cc(73)] ReadMemory at 0x7ffc78ff0000 of 64 bytes failed: Only part of a ReadProcessMemory or WriteProcessMemory request was completed. (0x12B)
[0402/012820.818:WARNING:pe_image_reader.cc(340)] could not read dos header from C:\WINDOWS\SYSTEM32\WINSPOOL.DRV
[0402/012820.818:ERROR:process_memory_win.cc(73)] ReadMemory at 0x7ffc818c0000 of 64 bytes failed: Only part of a ReadProcessMemory or WriteProcessMemory request was completed. (0x12B)
[0402/012820.818:WARNING:pe_image_reader.cc(340)] could not read dos header from C:\WINDOWS\System32\kernel.appcore.dll
[0402/012820.818:ERROR:process_memory_win.cc(73)] ReadMemory at 0x7ffc821b0000 of 64 bytes failed: Only part of a ReadProcessMemory or WriteProcessMemory request was completed. (0x12B)
[0402/012820.818:WARNING:pe_image_reader.cc(340)] could not read dos header from C:\WINDOWS\System32\bcrypt.dll
[0402/012820.818:ERROR:process_memory_win.cc(73)] ReadMemory at 0x7ffc6e360000 of 64 bytes failed: Only part of a ReadProcessMemory or WriteProcessMemory request was completed. (0x12B)
[0402/012820.818:WARNING:pe_image_reader.cc(340)] could not read dos header from C:\WINDOWS\SYSTEM32\dbghelp.dll
[0402/012820.818:ERROR:process_memory_win.cc(73)] ReadMemory at 0x7ffc75c70000 of 64 bytes failed: Only part of a ReadProcessMemory or WriteProcessMemory request was completed. (0x12B)
[0402/012820.818:WARNING:pe_image_reader.cc(340)] could not read dos header from C:\WINDOWS\SYSTEM32\WINHTTP.dll
[0402/012820.818:ERROR:process_memory_win.cc(73)] ReadMemory at 0x7ffc79840000 of 64 bytes failed: Only part of a ReadProcessMemory or WriteProcessMemory request was completed. (0x12B)
[0402/012820.818:WARNING:pe_image_reader.cc(340)] could not read dos header from C:\WINDOWS\SYSTEM32\dhcpcsvc.DLL
[0402/012820.818:ERROR:process_memory_win.cc(73)] ReadMemory at 0x7ffc84bc0000 of 64 bytes failed: Only part of a ReadProcessMemory or WriteProcessMemory request was completed. (0x12B)
[0402/012820.818:WARNING:pe_image_reader.cc(340)] could not read dos header from C:\WINDOWS\System32\NSI.dll
[0402/012820.818:ERROR:process_memory_win.cc(73)] ReadMemory at 0x7ffc7f400000 of 64 bytes failed: Only part of a ReadProcessMemory or WriteProcessMemory request was completed. (0x12B)
[0402/012820.818:WARNING:pe_image_reader.cc(340)] could not read dos header from C:\WINDOWS\SYSTEM32\WINMMBASE.dll
[0402/012820.818:ERROR:process_memory_win.cc(73)] ReadMemory at 0x7ffc82700000 of 64 bytes failed: Only part of a ReadProcessMemory or WriteProcessMemory request was completed. (0x12B)
[0402/012820.818:WARNING:pe_image_reader.cc(340)] could not read dos header from C:\WINDOWS\System32\cfgmgr32.dll
[0402/012820.819:ERROR:process_memory_win.cc(73)] ReadMemory at 0x7ffc76400000 of 64 bytes failed: Only part of a ReadProcessMemory or WriteProcessMemory request was completed. (0x12B)
[0402/012820.819:WARNING:pe_image_reader.cc(340)] could not read dos header from C:\WINDOWS\SYSTEM32\Bcp47Langs.dll
[0402/012820.819:ERROR:process_memory_win.cc(73)] ReadMemory at 0x7ffc7e210000 of 64 bytes failed: Only part of a ReadProcessMemory or WriteProcessMemory request was completed. (0x12B)
[0402/012820.819:WARNING:pe_image_reader.cc(340)] could not read dos header from C:\WINDOWS\SYSTEM32\PROPSYS.dll
[0402/012820.819:ERROR:process_memory_win.cc(73)] ReadMemory at 0x7ffc856e0000 of 64 bytes failed: Only part of a ReadProcessMemory or WriteProcessMemory request was completed. (0x12B)
[0402/012820.819:WARNING:pe_image_reader.cc(340)] could not read dos header from C:\WINDOWS\System32\shcore.dll
[0402/012820.819:ERROR:process_memory_win.cc(73)] ReadMemory at 0x7ffc81740000 of 64 bytes failed: Only part of a ReadProcessMemory or WriteProcessMemory request was completed. (0x12B)
[0402/012820.819:WARNING:pe_image_reader.cc(340)] could not read dos header from C:\WINDOWS\SYSTEM32\SSPICLI.DLL
[0402/012820.819:ERROR:process_memory_win.cc(73)] ReadMemory at 0x7ffc811f0000 of 64 bytes failed: Only part of a ReadProcessMemory or WriteProcessMemory request was completed. (0x12B)
[0402/012820.819:WARNING:pe_image_reader.cc(340)] could not read dos header from C:\WINDOWS\SYSTEM32\CRYPTBASE.DLL
[0402/012820.819:ERROR:process_memory_win.cc(73)] ReadMemory at 0x7ff6e6960000 of 64 bytes failed: Only part of a ReadProcessMemory or WriteProcessMemory request was completed. (0x12B)
[0402/012820.819:WARNING:pe_image_reader.cc(340)] could not read dos header from C:\Program Files (x86)\Google\Chrome\Application\chrome.exe
[0402/012820.819:ERROR:process_memory_win.cc(73)] ReadMemory at 0x7ffc857c0000 of 64 bytes failed: Only part of a ReadProcessMemory or WriteProcessMemory request was completed. (0x12B)
[0402/012820.819:WARNING:pe_image_reader.cc(340)] could not read dos header from C:\WINDOWS\SYSTEM32\ntdll.dll
[0402/012820.819:ERROR:process_memory_win.cc(73)] ReadMemory at 0x7ffc84fc0000 of 64 bytes failed: Only part of a ReadProcessMemory or WriteProcessMemory request was completed. (0x12B)
[0402/012820.819:WARNING:pe_image_reader.cc(340)] could not read dos header from C:\WINDOWS\System32\KERNEL32.DLL
[0402/012820.819:ERROR:process_memory_win.cc(73)] ReadMemory at 0x7ffc82280000 of 64 bytes failed: Only part of a ReadProcessMemory or WriteProcessMemory request was completed. (0x12B)
[0402/012820.819:WARNING:pe_image_reader.cc(340)] could not read dos header from C:\WINDOWS\System32\KERNELBASE.dll
[0402/012820.819:ERROR:process_memory_win.cc(73)] ReadMemory at 0x7ffc543f0000 of 64 bytes failed: Only part of a ReadProcessMemory or WriteProcessMemory request was completed. (0x12B)
[0402/012820.819:WARNING:pe_image_reader.cc(340)] could not read dos header from C:\Program Files (x86)\Google\Chrome\Application\80.0.3987.162\chrome_elf.dll
[0402/012820.819:ERROR:process_memory_win.cc(73)] ReadMemory at 0x7ffc7c810000 of 64 bytes failed: Only part of a ReadProcessMemory or WriteProcessMemory request was completed. (0x12B)
[0402/012820.819:WARNING:pe_image_reader.cc(340)] could not read dos header from C:\WINDOWS\SYSTEM32\VERSION.dll
[0402/012820.819:ERROR:process_memory_win.cc(73)] ReadMemory at 0x7ffc84bd0000 of 64 bytes failed: Only part of a ReadProcessMemory or WriteProcessMemory request was completed. (0x12B)
[0402/012820.819:WARNING:pe_image_reader.cc(340)] could not read dos header from C:\WINDOWS\System32\msvcrt.dll
[0402/012820.819:ERROR:process_memory_win.cc(73)] ReadMemory at 0x7ffc82750000 of 64 bytes failed: Only part of a ReadProcessMemory or WriteProcessMemory request was completed. (0x12B)
[0402/012820.819:WARNING:pe_image_reader.cc(340)] could not read dos header from C:\WINDOWS\System32\bcryptPrimitives.dll
[0402/012820.819:ERROR:process_memory_win.cc(73)] ReadMemory at 0x7ffc842c0000 of 64 bytes failed: Only part of a ReadProcessMemory or WriteProcessMemory request was completed. (0x12B)
[0402/012820.819:WARNING:pe_image_reader.cc(340)] could not read dos header from C:\WINDOWS\System32\ADVAPI32.dll
[0402/012820.819:ERROR:process_memory_win.cc(73)] ReadMemory at 0x1efe16e0000 of 64 bytes failed: Only part of a ReadProcessMemory or WriteProcessMemory request was completed. (0x12B)
[0402/012820.819:WARNING:pe_image_reader.cc(340)] could not read dos header from C:\WINDOWS\System32\sechost.dll
[0402/012820.819:ERROR:process_memory_win.cc(73)] ReadMemory at 0x7ffc82a40000 of 64 bytes failed: Only part of a ReadProcessMemory or WriteProcessMemory request was completed. (0x12B)
[0402/012820.819:WARNING:pe_image_reader.cc(340)] could not read dos header from C:\WINDOWS\System32\RPCRT4.dll
[0402/012820.819:ERROR:process_memory_win.cc(73)] ReadMemory at 0x7ffc2c180000 of 64 bytes failed: Only part of a ReadProcessMemory or WriteProcessMemory request was completed. (0x12B)
[0402/012820.819:WARNING:pe_image_reader.cc(340)] could not read dos header from C:\Program Files (x86)\Google\Chrome\Application\80.0.3987.162\chrome.dll
[0402/012820.819:ERROR:process_memory_win.cc(73)] ReadMemory at 0x7ffc82d20000 of 64 bytes failed: Only part of a ReadProcessMemory or WriteProcessMemory request was completed. (0x12B)
[0402/012820.819:WARNING:pe_image_reader.cc(340)] could not read dos header from C:\WINDOWS\System32\WS2_32.dll
[0402/012820.819:ERROR:process_memory_win.cc(73)] ReadMemory at 0x7ffc84450000 of 64 bytes failed: Only part of a ReadProcessMemory or WriteProcessMemory request was completed. (0x12B)
[0402/012820.819:WARNING:pe_image_reader.cc(340)] could not read dos header from C:\WINDOWS\System32\OLEAUT32.dll
[0402/012820.819:ERROR:process_memory_win.cc(73)] ReadMemory at 0x7ffc821e0000 of 64 bytes failed: Only part of a ReadProcessMemory or WriteProcessMemory request was completed. (0x12B)
[0402/012820.819:WARNING:pe_image_reader.cc(340)] could not read dos header from C:\WINDOWS\System32\msvcp_win.dll
[0402/012820.820:ERROR:process_memory_win.cc(73)] ReadMemory at 0x7ffc81940000 of 64 bytes failed: Only part of a ReadProcessMemory or WriteProcessMemory request was completed. (0x12B)
[0402/012820.820:WARNING:pe_image_reader.cc(340)] could not read dos header from C:\WINDOWS\System32\ucrtbase.dll
[0402/012820.820:ERROR:process_memory_win.cc(73)] ReadMemory at 0x7ffc85280000 of 64 bytes failed: Only part of a ReadProcessMemory or WriteProcessMemory request was completed. (0x12B)
[0402/012820.820:WARNING:pe_image_reader.cc(340)] could not read dos header from C:\WINDOWS\System32\combase.dll
[0402/012820.820:ERROR:process_memory_win.cc(73)] ReadMemory at 0x7ffc818e0000 of 64 bytes failed: Only part of a ReadProcessMemory or WriteProcessMemory request was completed. (0x12B)
[0402/012820.820:WARNING:pe_image_reader.cc(340)] could not read dos header from C:\WINDOWS\System32\WINTRUST.dll
[0402/012820.820:ERROR:process_memory_win.cc(73)] ReadMemory at 0x7ffc81840000 of 64 bytes failed: Only part of a ReadProcessMemory or WriteProcessMemory request was completed. (0x12B)
[0402/012820.820:WARNING:pe_image_reader.cc(340)] could not read dos header from C:\WINDOWS\System32\MSASN1.dll
[0402/012820.820:ERROR:process_memory_win.cc(73)] ReadMemory at 0x7ffc82520000 of 64 bytes failed: Only part of a ReadProcessMemory or WriteProcessMemory request was completed. (0x12B)
[0402/012820.820:WARNING:pe_image_reader.cc(340)] could not read dos header from C:\WINDOWS\System32\CRYPT32.dll
[0402/012820.820:ERROR:process_memory_win.cc(73)] ReadMemory at 0x7ffc80d40000 of 64 bytes failed: Only part of a ReadProcessMemory or WriteProcessMemory request was completed. (0x12B)
[0402/012820.820:WARNING:pe_image_reader.cc(340)] could not read dos header from C:\WINDOWS\SYSTEM32\IPHLPAPI.DLL
[0402/012820.820:ERROR:process_memory_win.cc(73)] ReadMemory at 0x7ffc7f430000 of 64 bytes failed: Only part of a ReadProcessMemory or WriteProcessMemory request was completed. (0x12B)
[0402/012820.820:WARNING:pe_image_reader.cc(340)] could not read dos header from C:\WINDOWS\SYSTEM32\WINMM.dll
[0402/012820.820:ERROR:process_memory_win.cc(73)] ReadMemory at 0x7ffc71fd0000 of 64 bytes failed: Only part of a ReadProcessMemory or WriteProcessMemory request was completed. (0x12B)
[0402/012820.820:WARNING:pe_image_reader.cc(340)] could not read dos header from C:\WINDOWS\SYSTEM32\Secur32.dll
[0402/012820.820:ERROR:process_memory_win.cc(73)] ReadMemory at 0x7ffc81710000 of 64 bytes failed: Only part of a ReadProcessMemory or WriteProcessMemory request was completed. (0x12B)
[0402/012820.820:WARNING:pe_image_reader.cc(340)] could not read dos header from C:\WINDOWS\SYSTEM32\USERENV.dll
[0402/012820.820:ERROR:process_memory_win.cc(73)] ReadMemory at 0x7ffc81810000 of 64 bytes failed: Only part of a ReadProcessMemory or WriteProcessMemory request was completed. (0x12B)
[0402/012820.820:WARNING:pe_image_reader.cc(340)] could not read dos header from C:\WINDOWS\System32\profapi.dll
[0402/012820.820:ERROR:process_memory_win.cc(73)] ReadMemory at 0x7ffc5cf40000 of 64 bytes failed: Only part of a ReadProcessMemory or WriteProcessMemory request was completed. (0x12B)
[0402/012820.820:WARNING:pe_image_reader.cc(340)] could not read dos header from C:\WINDOWS\SYSTEM32\UIAutomationCore.DLL
[0402/012820.820:ERROR:process_memory_win.cc(73)] ReadMemory at 0x7ffc73cb0000 of 64 bytes failed: Only part of a ReadProcessMemory or WriteProcessMemory request was completed. (0x12B)
[0402/012820.820:WARNING:pe_image_reader.cc(340)] could not read dos header from C:\WINDOWS\SYSTEM32\DWrite.dll
[0402/012820.820:ERROR:process_memory_win.cc(73)] ReadMemory at 0x7ffc78ff0000 of 64 bytes failed: Only part of a ReadProcessMemory or WriteProcessMemory request was completed. (0x12B)
[0402/012820.820:WARNING:pe_image_reader.cc(340)] could not read dos header from C:\WINDOWS\SYSTEM32\WINSPOOL.DRV
[0402/012820.820:ERROR:process_memory_win.cc(73)] ReadMemory at 0x7ffc818c0000 of 64 bytes failed: Only part of a ReadProcessMemory or WriteProcessMemory request was completed. (0x12B)
[0402/012820.820:WARNING:pe_image_reader.cc(340)] could not read dos header from C:\WINDOWS\System32\kernel.appcore.dll
[0402/012820.820:ERROR:process_memory_win.cc(73)] ReadMemory at 0x7ffc821b0000 of 64 bytes failed: Only part of a ReadProcessMemory or WriteProcessMemory request was completed. (0x12B)
[0402/012820.820:WARNING:pe_image_reader.cc(340)] could not read dos header from C:\WINDOWS\System32\bcrypt.dll
[0402/012820.820:ERROR:process_memory_win.cc(73)] ReadMemory at 0x7ffc6e360000 of 64 bytes failed: Only part of a ReadProcessMemory or WriteProcessMemory request was completed. (0x12B)
[0402/012820.820:WARNING:pe_image_reader.cc(340)] could not read dos header from C:\WINDOWS\SYSTEM32\dbghelp.dll
[0402/012820.820:ERROR:process_memory_win.cc(73)] ReadMemory at 0x7ffc75c70000 of 64 bytes failed: Only part of a ReadProcessMemory or WriteProcessMemory request was completed. (0x12B)
[0402/012820.820:WARNING:pe_image_reader.cc(340)] could not read dos header from C:\WINDOWS\SYSTEM32\WINHTTP.dll
[0402/012820.820:ERROR:process_memory_win.cc(73)] ReadMemory at 0x7ffc79840000 of 64 bytes failed: Only part of a ReadProcessMemory or WriteProcessMemory request was completed. (0x12B)
[0402/012820.820:WARNING:pe_image_reader.cc(340)] could not read dos header from C:\WINDOWS\SYSTEM32\dhcpcsvc.DLL
[0402/012820.820:ERROR:process_memory_win.cc(73)] ReadMemory at 0x7ffc84bc0000 of 64 bytes failed: Only part of a ReadProcessMemory or WriteProcessMemory request was completed. (0x12B)
[0402/012820.820:WARNING:pe_image_reader.cc(340)] could not read dos header from C:\WINDOWS\System32\NSI.dll
[0402/012820.820:ERROR:process_memory_win.cc(73)] ReadMemory at 0x7ffc7f400000 of 64 bytes failed: Only part of a ReadProcessMemory or WriteProcessMemory request was completed. (0x12B)
[0402/012820.820:WARNING:pe_image_reader.cc(340)] could not read dos header from C:\WINDOWS\SYSTEM32\WINMMBASE.dll
[0402/012820.820:ERROR:process_memory_win.cc(73)] ReadMemory at 0x7ffc82700000 of 64 bytes failed: Only part of a ReadProcessMemory or WriteProcessMemory request was completed. (0x12B)
[0402/012820.820:WARNING:pe_image_reader.cc(340)] could not read dos header from C:\WINDOWS\System32\cfgmgr32.dll
[0402/012820.821:ERROR:process_memory_win.cc(73)] ReadMemory at 0x7ffc76400000 of 64 bytes failed: Only part of a ReadProcessMemory or WriteProcessMemory request was completed. (0x12B)
[0402/012820.821:WARNING:pe_image_reader.cc(340)] could not read dos header from C:\WINDOWS\SYSTEM32\Bcp47Langs.dll
[0402/012820.821:ERROR:process_memory_win.cc(73)] ReadMemory at 0x7ffc7e210000 of 64 bytes failed: Only part of a ReadProcessMemory or WriteProcessMemory request was completed. (0x12B)
[0402/012820.821:WARNING:pe_image_reader.cc(340)] could not read dos header from C:\WINDOWS\SYSTEM32\PROPSYS.dll
[0402/012820.821:ERROR:process_memory_win.cc(73)] ReadMemory at 0x7ffc856e0000 of 64 bytes failed: Only part of a ReadProcessMemory or WriteProcessMemory request was completed. (0x12B)
[0402/012820.821:WARNING:pe_image_reader.cc(340)] could not read dos header from C:\WINDOWS\System32\shcore.dll
[0402/012820.821:ERROR:process_memory_win.cc(73)] ReadMemory at 0x7ffc81740000 of 64 bytes failed: Only part of a ReadProcessMemory or WriteProcessMemory request was completed. (0x12B)
[0402/012820.821:WARNING:pe_image_reader.cc(340)] could not read dos header from C:\WINDOWS\SYSTEM32\SSPICLI.DLL
[0402/012820.821:ERROR:process_memory_win.cc(73)] ReadMemory at 0x7ffc811f0000 of 64 bytes failed: Only part of a ReadProcessMemory or WriteProcessMemory request was completed. (0x12B)
[0402/012820.821:WARNING:pe_image_reader.cc(340)] could not read dos header from C:\WINDOWS\SYSTEM32\CRYPTBASE.DLL
[0402/012820.954:ERROR:process_memory_win.cc(73)] ReadMemory at 0x623cdef000 of 69632 bytes failed: Only part of a ReadProcessMemory or WriteProcessMemory request was completed. (0x12B)
[0402/012820.955:ERROR:process_memory_win.cc(73)] ReadMemory at 0x623d5fd000 of 12288 bytes failed: Only part of a ReadProcessMemory or WriteProcessMemory request was completed. (0x12B)
[0402/012820.955:ERROR:process_memory_win.cc(73)] ReadMemory at 0x623ddf7000 of 36864 bytes failed: Only part of a ReadProcessMemory or WriteProcessMemory request was completed. (0x12B)
[0402/012820.955:ERROR:process_memory_win.cc(73)] ReadMemory at 0x623e5fc000 of 16384 bytes failed: Only part of a ReadProcessMemory or WriteProcessMemory request was completed. (0x12B)
[0402/012820.955:ERROR:process_memory_win.cc(73)] ReadMemory at 0x623edfb000 of 20480 bytes failed: Only part of a ReadProcessMemory or WriteProcessMemory request was completed. (0x12B)
[0402/012820.955:ERROR:process_memory_win.cc(73)] ReadMemory at 0x623f5ff000 of 4096 bytes failed: Only part of a ReadProcessMemory or WriteProcessMemory request was completed. (0x12B)
[0402/012820.955:ERROR:process_memory_win.cc(73)] ReadMemory at 0x623fdfc000 of 16384 bytes failed: Only part of a ReadProcessMemory or WriteProcessMemory request was completed. (0x12B)
[0402/012820.955:ERROR:process_memory_win.cc(73)] ReadMemory at 0x62405fb000 of 20480 bytes failed: Only part of a ReadProcessMemory or WriteProcessMemory request was completed. (0x12B)
[0402/012820.955:ERROR:process_memory_win.cc(73)] ReadMemory at 0x62415fd000 of 12288 bytes failed: Only part of a ReadProcessMemory or WriteProcessMemory request was completed. (0x12B)
[0402/012820.955:ERROR:process_memory_win.cc(73)] ReadMemory at 0x6241dfb000 of 20480 bytes failed: Only part of a ReadProcessMemory or WriteProcessMemory request was completed. (0x12B)
[0402/012820.955:ERROR:process_memory_win.cc(73)] ReadMemory at 0x62425fb000 of 20480 bytes failed: Only part of a ReadProcessMemory or WriteProcessMemory request was completed. (0x12B)
[0402/012820.955:ERROR:process_memory_win.cc(73)] ReadMemory at 0x6242dfb000 of 20480 bytes failed: Only part of a ReadProcessMemory or WriteProcessMemory request was completed. (0x12B)
[0402/012820.955:ERROR:process_memory_win.cc(73)] ReadMemory at 0x62435fa000 of 24576 bytes failed: Only part of a ReadProcessMemory or WriteProcessMemory request was completed. (0x12B)
[0402/012820.956:ERROR:process_memory_win.cc(73)] ReadMemory at 0x6240dfe000 of 8192 bytes failed: Only part of a ReadProcessMemory or WriteProcessMemory request was completed. (0x12B)
[0402/012820.956:ERROR:process_memory_win.cc(73)] ReadMemory at 0x623c48e000 of 852 bytes failed: Only part of a ReadProcessMemory or WriteProcessMemory request was completed. (0x12B)
[0402/012820.956:ERROR:process_memory_win.cc(73)] ReadMemory at 0x623c48f000 of 6024 bytes failed: Only part of a ReadProcessMemory or WriteProcessMemory request was completed. (0x12B)
[0402/012820.988:ERROR:process_memory_win.cc(73)] ReadMemory at 0x623c491000 of 6024 bytes failed: Only part of a ReadProcessMemory or WriteProcessMemory request was completed. (0x12B)
[0402/012820.988:ERROR:process_memory_win.cc(73)] ReadMemory at 0x623c493000 of 6024 bytes failed: Only part of a ReadProcessMemory or WriteProcessMemory request was completed. (0x12B)
[0402/012820.988:ERROR:process_memory_win.cc(73)] ReadMemory at 0x623c495000 of 6024 bytes failed: Only part of a ReadProcessMemory or WriteProcessMemory request was completed. (0x12B)
[0402/012820.988:ERROR:process_memory_win.cc(73)] ReadMemory at 0x623c497000 of 6024 bytes failed: Only part of a ReadProcessMemory or WriteProcessMemory request was completed. (0x12B)
[0402/012820.989:ERROR:process_memory_win.cc(73)] ReadMemory at 0x623c499000 of 6024 bytes failed: Only part of a ReadProcessMemory or WriteProcessMemory request was completed. (0x12B)
[0402/012820.989:ERROR:process_memory_win.cc(73)] ReadMemory at 0x623c49b000 of 6024 bytes failed: Only part of a ReadProcessMemory or WriteProcessMemory request was completed. (0x12B)
[0402/012820.989:ERROR:process_memory_win.cc(73)] ReadMemory at 0x623c49d000 of 6024 bytes failed: Only part of a ReadProcessMemory or WriteProcessMemory request was completed. (0x12B)
[0402/012820.989:ERROR:process_memory_win.cc(73)] ReadMemory at 0x623c4a1000 of 6024 bytes failed: Only part of a ReadProcessMemory or WriteProcessMemory request was completed. (0x12B)
[0402/012820.989:ERROR:process_memory_win.cc(73)] ReadMemory at 0x623c4a3000 of 6024 bytes failed: Only part of a ReadProcessMemory or WriteProcessMemory request was completed. (0x12B)
[0402/012820.989:ERROR:process_memory_win.cc(73)] ReadMemory at 0x623c4a5000 of 6024 bytes failed: Only part of a ReadProcessMemory or WriteProcessMemory request was completed. (0x12B)
[0402/012820.989:ERROR:process_memory_win.cc(73)] ReadMemory at 0x623c4a7000 of 6024 bytes failed: Only part of a ReadProcessMemory or WriteProcessMemory request was completed. (0x12B)
[0402/012820.989:ERROR:process_memory_win.cc(73)] ReadMemory at 0x623c4a9000 of 6024 bytes failed: Only part of a ReadProcessMemory or WriteProcessMemory request was completed. (0x12B)
[0402/012820.989:ERROR:process_memory_win.cc(73)] ReadMemory at 0x623c4ad000 of 6024 bytes failed: Only part of a ReadProcessMemory or WriteProcessMemory request was completed. (0x12B)
[0402/012820.989:ERROR:process_memory_win.cc(73)] ReadMemory at 0x1efe1430fe0 of 16950 bytes failed: Only part of a ReadProcessMemory or WriteProcessMemory request was completed. (0x12B)
[0402/012820.989:ERROR:process_memory_win.cc(73)] ReadMemory at 0x1efe1435220 of 1012 bytes failed: Only part of a ReadProcessMemory or WriteProcessMemory request was completed. (0x12B)
[0402/012820.989:ERROR:process_memory_win.cc(73)] ReadMemory at 0x1efe1435848 of 118 bytes failed: Only part of a ReadProcessMemory or WriteProcessMemory request was completed. (0x12B)
[0402/012820.989:ERROR:process_memory_win.cc(73)] ReadMemory at 0x1efe14358c0 of 760 bytes failed: Only part of a ReadProcessMemory or WriteProcessMemory request was completed. (0x12B)
[0402/012820.989:ERROR:process_memory_win.cc(73)] ReadMemory at 0x1efe1435bba of 118 bytes failed: Only part of a ReadProcessMemory or WriteProcessMemory request was completed. (0x12B)
[0402/012820.989:ERROR:process_memory_win.cc(73)] ReadMemory at 0x1efe1435c32 of 96 bytes failed: Only part of a ReadProcessMemory or WriteProcessMemory request was completed. (0x12B)
[0402/012820.989:ERROR:process_memory_win.cc(73)] ReadMemory at 0x1efe1435ca0 of 58 bytes failed: Only part of a ReadProcessMemory or WriteProcessMemory request was completed. (0x12B)
[0402/012820.989:ERROR:process_memory_win.cc(73)] ReadMemory at 0x1efe1435da0 of 132 bytes failed: Only part of a ReadProcessMemory or WriteProcessMemory request was completed. (0x12B)
[0402/012820.989:ERROR:process_memory_win.cc(73)] ReadMemory at 0x1efe1435f30 of 132 bytes failed: Only part of a ReadProcessMemory or WriteProcessMemory request was completed. (0x12B)
[0402/012821.033:ERROR:process_memory_win.cc(73)] ReadMemory at 0x1efe14360f0 of 126 bytes failed: Only part of a ReadProcessMemory or WriteProcessMemory request was completed. (0x12B)
[0402/012821.033:ERROR:process_memory_win.cc(73)] ReadMemory at 0x1efe14364d0 of 132 bytes failed: Only part of a ReadProcessMemory or WriteProcessMemory request was completed. (0x12B)
[0402/012821.033:ERROR:process_memory_win.cc(73)] ReadMemory at 0x1efe1436660 of 64 bytes failed: Only part of a ReadProcessMemory or WriteProcessMemory request was completed. (0x12B)
[0402/012821.033:ERROR:process_memory_win.cc(73)] ReadMemory at 0x1efe14366b0 of 132 bytes failed: Only part of a ReadProcessMemory or WriteProcessMemory request was completed. (0x12B)
[0402/012821.034:ERROR:process_memory_win.cc(73)] ReadMemory at 0x1efe1436820 of 132 bytes failed: Only part of a ReadProcessMemory or WriteProcessMemory request was completed. (0x12B)
[0402/012821.034:ERROR:process_memory_win.cc(73)] ReadMemory at 0x1efe1436ac0 of 132 bytes failed: Only part of a ReadProcessMemory or WriteProcessMemory request was completed. (0x12B)
[0402/012821.034:ERROR:process_memory_win.cc(73)] ReadMemory at 0x1efe1436c50 of 68 bytes failed: Only part of a ReadProcessMemory or WriteProcessMemory request was completed. (0x12B)
[0402/012821.034:ERROR:process_memory_win.cc(73)] ReadMemory at 0x1efe1437c10 of 132 bytes failed: Only part of a ReadProcessMemory or WriteProcessMemory request was completed. (0x12B)
[0402/012821.034:ERROR:process_memory_win.cc(73)] ReadMemory at 0x1efe1437da0 of 154 bytes failed: Only part of a ReadProcessMemory or WriteProcessMemory request was completed. (0x12B)
[0402/012821.034:ERROR:process_memory_win.cc(73)] ReadMemory at 0x1efe1439aa0 of 62 bytes failed: Only part of a ReadProcessMemory or WriteProcessMemory request was completed. (0x12B)
[0402/012821.034:ERROR:process_memory_win.cc(73)] ReadMemory at 0x1efe1439b20 of 146 bytes failed: Only part of a ReadProcessMemory or WriteProcessMemory request was completed. (0x12B)
[0402/012821.034:ERROR:process_memory_win.cc(73)] ReadMemory at 0x1efe1439c00 of 132 bytes failed: Only part of a ReadProcessMemory or WriteProcessMemory request was completed. (0x12B)
[0402/012821.034:ERROR:process_memory_win.cc(73)] ReadMemory at 0x1efe1439d90 of 60 bytes failed: Only part of a ReadProcessMemory or WriteProcessMemory request was completed. (0x12B)
[0402/012821.034:ERROR:process_memory_win.cc(73)] ReadMemory at 0x1efe143a720 of 132 bytes failed: Only part of a ReadProcessMemory or WriteProcessMemory request was completed. (0x12B)
[0402/012821.034:ERROR:process_memory_win.cc(73)] ReadMemory at 0x1efe143a850 of 132 bytes failed: Only part of a ReadProcessMemory or WriteProcessMemory request was completed. (0x12B)
[0402/012821.034:ERROR:process_memory_win.cc(73)] ReadMemory at 0x1efe143a980 of 132 bytes failed: Only part of a ReadProcessMemory or WriteProcessMemory request was completed. (0x12B)
[0402/012821.034:ERROR:process_memory_win.cc(73)] ReadMemory at 0x1efe143d1f0 of 132 bytes failed: Only part of a ReadProcessMemory or WriteProcessMemory request was completed. (0x12B)
[0402/012821.035:ERROR:process_memory_win.cc(73)] ReadMemory at 0x1efe143d400 of 132 bytes failed: Only part of a ReadProcessMemory or WriteProcessMemory request was completed. (0x12B)
[0402/012821.035:ERROR:process_memory_win.cc(73)] ReadMemory at 0x1efe143d5e0 of 64 bytes failed: Only part of a ReadProcessMemory or WriteProcessMemory request was completed. (0x12B)
[0402/012821.035:ERROR:process_memory_win.cc(73)] ReadMemory at 0x1efe143d630 of 62 bytes failed: Only part of a ReadProcessMemory or WriteProcessMemory request was completed. (0x12B)
[0402/012821.035:ERROR:process_memory_win.cc(73)] ReadMemory at 0x1efe143d770 of 60 bytes failed: Only part of a ReadProcessMemory or WriteProcessMemory request was completed. (0x12B)
[0402/012821.035:ERROR:process_memory_win.cc(73)] ReadMemory at 0x1efe143d7c0 of 64 bytes failed: Only part of a ReadProcessMemory or WriteProcessMemory request was completed. (0x12B)
[0402/012821.035:ERROR:process_memory_win.cc(73)] ReadMemory at 0x1efe143d810 of 66 bytes failed: Only part of a ReadProcessMemory or WriteProcessMemory request was completed. (0x12B)
[0402/012821.035:ERROR:process_memory_win.cc(73)] ReadMemory at 0x1efe143d900 of 64 bytes failed: Only part of a ReadProcessMemory or WriteProcessMemory request was completed. (0x12B)
[0402/012821.035:ERROR:process_memory_win.cc(73)] ReadMemory at 0x1efe143d950 of 60 bytes failed: Only part of a ReadProcessMemory or WriteProcessMemory request was completed. (0x12B)
[0402/012821.035:ERROR:process_memory_win.cc(73)] ReadMemory at 0x1efe143da90 of 64 bytes failed: Only part of a ReadProcessMemory or WriteProcessMemory request was completed. (0x12B)
[0402/012821.035:ERROR:process_memory_win.cc(73)] ReadMemory at 0x1efe143dc20 of 62 bytes failed: Only part of a ReadProcessMemory or WriteProcessMemory request was completed. (0x12B)
[0402/012821.035:ERROR:process_memory_win.cc(73)] ReadMemory at 0x1efe143e1a0 of 132 bytes failed: Only part of a ReadProcessMemory or WriteProcessMemory request was completed. (0x12B)
[0402/012821.035:ERROR:process_memory_win.cc(73)] ReadMemory at 0x1efe143e3d0 of 132 bytes failed: Only part of a ReadProcessMemory or WriteProcessMemory request was completed. (0x12B)
[0402/012821.036:ERROR:process_memory_win.cc(73)] ReadMemory at 0x1efe143e560 of 80 bytes failed: Only part of a ReadProcessMemory or WriteProcessMemory request was completed. (0x12B)
[0402/012821.036:ERROR:process_memory_win.cc(73)] ReadMemory at 0x1efe143ed10 of 76 bytes failed: Only part of a ReadProcessMemory or WriteProcessMemory request was completed. (0x12B)
[0402/012821.036:ERROR:process_memory_win.cc(73)] ReadMemory at 0x1efe143f010 of 80 bytes failed: Only part of a ReadProcessMemory or WriteProcessMemory request was completed. (0x12B)
[0402/012821.036:ERROR:process_memory_win.cc(73)] ReadMemory at 0x1efe143f6c0 of 60 bytes failed: Only part of a ReadProcessMemory or WriteProcessMemory request was completed. (0x12B)
[0402/012821.036:ERROR:process_memory_win.cc(73)] ReadMemory at 0x1efe143f8a0 of 64 bytes failed: Only part of a ReadProcessMemory or WriteProcessMemory request was completed. (0x12B)
[0402/012821.036:ERROR:process_memory_win.cc(73)] ReadMemory at 0x1efe143f940 of 62 bytes failed: Only part of a ReadProcessMemory or WriteProcessMemory request was completed. (0x12B)
[0402/012821.036:ERROR:process_memory_win.cc(73)] ReadMemory at 0x1efe143fb20 of 62 bytes failed: Only part of a ReadProcessMemory or WriteProcessMemory request was completed. (0x12B)
[0402/012821.036:ERROR:process_memory_win.cc(73)] ReadMemory at 0x1efe143fc10 of 62 bytes failed: Only part of a ReadProcessMemory or WriteProcessMemory request was completed. (0x12B)
[0402/012821.036:ERROR:process_memory_win.cc(73)] ReadMemory at 0x1efe143fc60 of 62 bytes failed: Only part of a ReadProcessMemory or WriteProcessMemory request was completed. (0x12B)
[0402/012821.036:ERROR:process_memory_win.cc(73)] ReadMemory at 0x1efe143fcb0 of 64 bytes failed: Only part of a ReadProcessMemory or WriteProcessMemory request was completed. (0x12B)
[0402/012821.036:ERROR:process_memory_win.cc(73)] ReadMemory at 0x1efe143fd00 of 60 bytes failed: Only part of a ReadProcessMemory or WriteProcessMemory request was completed. (0x12B)
[0402/012821.036:ERROR:process_memory_win.cc(73)] ReadMemory at 0x1efe143fdf0 of 62 bytes failed: Only part of a ReadProcessMemory or WriteProcessMemory request was completed. (0x12B)
[0402/012821.036:ERROR:process_memory_win.cc(73)] ReadMemory at 0x1efe143fe40 of 60 bytes failed: Only part of a ReadProcessMemory or WriteProcessMemory request was completed. (0x12B)
[0402/012821.036:ERROR:process_memory_win.cc(73)] ReadMemory at 0x1efe143fe90 of 64 bytes failed: Only part of a ReadProcessMemory or WriteProcessMemory request was completed. (0x12B)
[0402/012821.036:ERROR:process_memory_win.cc(73)] ReadMemory at 0x1efe143ff80 of 66 bytes failed: Only part of a ReadProcessMemory or WriteProcessMemory request was completed. (0x12B)
[0402/012821.037:ERROR:process_memory_win.cc(73)] ReadMemory at 0x1efe1440070 of 62 bytes failed: Only part of a ReadProcessMemory or WriteProcessMemory request was completed. (0x12B)
[0402/012821.037:ERROR:process_memory_win.cc(73)] ReadMemory at 0x1efe1440200 of 58 bytes failed: Only part of a ReadProcessMemory or WriteProcessMemory request was completed. (0x12B)
[0402/012821.037:ERROR:process_memory_win.cc(73)] ReadMemory at 0x1efe14402a0 of 62 bytes failed: Only part of a ReadProcessMemory or WriteProcessMemory request was completed. (0x12B)
[0402/012821.037:ERROR:process_memory_win.cc(73)] ReadMemory at 0x1efe14402f0 of 62 bytes failed: Only part of a ReadProcessMemory or WriteProcessMemory request was completed. (0x12B)
[0402/012821.037:ERROR:process_memory_win.cc(73)] ReadMemory at 0x1efe1440390 of 64 bytes failed: Only part of a ReadProcessMemory or WriteProcessMemory request was completed. (0x12B)
[0402/012821.037:ERROR:process_memory_win.cc(73)] ReadMemory at 0x1efe14403e0 of 68 bytes failed: Only part of a ReadProcessMemory or WriteProcessMemory request was completed. (0x12B)
[0402/012821.037:ERROR:process_memory_win.cc(73)] ReadMemory at 0x1efe1440430 of 60 bytes failed: Only part of a ReadProcessMemory or WriteProcessMemory request was completed. (0x12B)
[0402/012821.037:ERROR:process_memory_win.cc(73)] ReadMemory at 0x1efe1443b80 of 132 bytes failed: Only part of a ReadProcessMemory or WriteProcessMemory request was completed. (0x12B)
[0402/012821.037:ERROR:process_memory_win.cc(73)] ReadMemory at 0x1efe1443cb0 of 132 bytes failed: Only part of a ReadProcessMemory or WriteProcessMemory request was completed. (0x12B)
[0402/012821.037:ERROR:process_memory_win.cc(73)] ReadMemory at 0x1efe1443de0 of 132 bytes failed: Only part of a ReadProcessMemory or WriteProcessMemory request was completed. (0x12B)
[0402/012821.037:ERROR:process_memory_win.cc(73)] ReadMemory at 0x1efe1443f10 of 132 bytes failed: Only part of a ReadProcessMemory or WriteProcessMemory request was completed. (0x12B)
[0402/012821.102:ERROR:process_memory_win.cc(73)] ReadMemory at 0x1efe1444040 of 132 bytes failed: Only part of a ReadProcessMemory or WriteProcessMemory request was completed. (0x12B)
[0402/012821.148:ERROR:process_memory_win.cc(73)] ReadMemory at 0x1efe1444170 of 132 bytes failed: Only part of a ReadProcessMemory or WriteProcessMemory request was completed. (0x12B)
[0402/012821.149:ERROR:process_memory_win.cc(73)] ReadMemory at 0x1efe14443d0 of 132 bytes failed: Only part of a ReadProcessMemory or WriteProcessMemory request was completed. (0x12B)
[0402/012821.149:ERROR:process_memory_win.cc(73)] ReadMemory at 0x1efe1444500 of 132 bytes failed: Only part of a ReadProcessMemory or WriteProcessMemory request was completed. (0x12B)
[0402/012821.149:ERROR:process_memory_win.cc(73)] ReadMemory at 0x1efe1444630 of 132 bytes failed: Only part of a ReadProcessMemory or WriteProcessMemory request was completed. (0x12B)
[0402/012821.149:ERROR:process_memory_win.cc(73)] ReadMemory at 0x1efe1444760 of 132 bytes failed: Only part of a ReadProcessMemory or WriteProcessMemory request was completed. (0x12B)
[0402/012821.149:ERROR:process_memory_win.cc(73)] ReadMemory at 0x1efe1444890 of 132 bytes failed: Only part of a ReadProcessMemory or WriteProcessMemory request was completed. (0x12B)
[0402/012821.149:ERROR:process_memory_win.cc(73)] ReadMemory at 0x1efe14449c0 of 132 bytes failed: Only part of a ReadProcessMemory or WriteProcessMemory request was completed. (0x12B)
[0402/012821.149:ERROR:process_memory_win.cc(73)] ReadMemory at 0x1efe1445950 of 132 bytes failed: Only part of a ReadProcessMemory or WriteProcessMemory request was completed. (0x12B)
[0402/012821.149:ERROR:process_memory_win.cc(73)] ReadMemory at 0x1efe14468f0 of 512 bytes failed: Only part of a ReadProcessMemory or WriteProcessMemory request was completed. (0x12B)
[0402/012821.149:ERROR:process_memory_win.cc(73)] ReadMemory at 0x1efe1447fe0 of 132 bytes failed: Only part of a ReadProcessMemory or WriteProcessMemory request was completed. (0x12B)
[0402/012821.149:ERROR:process_memory_win.cc(73)] ReadMemory at 0x1efe144a6f0 of 54 bytes failed: Only part of a ReadProcessMemory or WriteProcessMemory request was completed. (0x12B)
[0402/012821.149:ERROR:process_memory_win.cc(73)] ReadMemory at 0x1efe144b150 of 132 bytes failed: Only part of a ReadProcessMemory or WriteProcessMemory request was completed. (0x12B)
[0402/012821.149:ERROR:process_memory_win.cc(73)] ReadMemory at 0x1efe144b280 of 132 bytes failed: Only part of a ReadProcessMemory or WriteProcessMemory request was completed. (0x12B)
[0402/012821.150:ERROR:process_memory_win.cc(73)] ReadMemory at 0x1efe144b3b0 of 132 bytes failed: Only part of a ReadProcessMemory or WriteProcessMemory request was completed. (0x12B)
[0402/012821.150:ERROR:process_memory_win.cc(73)] ReadMemory at 0x1efe144b4e0 of 132 bytes failed: Only part of a ReadProcessMemory or WriteProcessMemory request was completed. (0x12B)
[0402/012821.150:ERROR:process_memory_win.cc(73)] ReadMemory at 0x1efe144b740 of 132 bytes failed: Only part of a ReadProcessMemory or WriteProcessMemory request was completed. (0x12B)
[0402/012821.150:ERROR:process_memory_win.cc(73)] ReadMemory at 0x1efe144b9a0 of 132 bytes failed: Only part of a ReadProcessMemory or WriteProcessMemory request was completed. (0x12B)
[0402/012821.150:ERROR:process_memory_win.cc(73)] ReadMemory at 0x1efe144bad0 of 132 bytes failed: Only part of a ReadProcessMemory or WriteProcessMemory request was completed. (0x12B)
[0402/012821.150:ERROR:process_memory_win.cc(73)] ReadMemory at 0x1efe144be60 of 132 bytes failed: Only part of a ReadProcessMemory or WriteProcessMemory request was completed. (0x12B)
[0402/012821.150:ERROR:process_memory_win.cc(73)] ReadMemory at 0x1efe144c320 of 132 bytes failed: Only part of a ReadProcessMemory or WriteProcessMemory request was completed. (0x12B)
[0402/012821.150:ERROR:process_memory_win.cc(73)] ReadMemory at 0x1efe144c7e0 of 132 bytes failed: Only part of a ReadProcessMemory or WriteProcessMemory request was completed. (0x12B)
[0402/012821.150:ERROR:process_memory_win.cc(73)] ReadMemory at 0x1efe144cca0 of 132 bytes failed: Only part of a ReadProcessMemory or WriteProcessMemory request was completed. (0x12B)
[0402/012821.150:ERROR:process_memory_win.cc(73)] ReadMemory at 0x1efe14652b0 of 512 bytes failed: Only part of a ReadProcessMemory or WriteProcessMemory request was completed. (0x12B)
[0402/012821.150:ERROR:process_memory_win.cc(73)] ReadMemory at 0x1efe1590dc0 of 512 bytes failed: Only part of a ReadProcessMemory or WriteProcessMemory request was completed. (0x12B)
[0402/012821.150:ERROR:process_memory_win.cc(73)] ReadMemory at 0x1efe15913c0 of 512 bytes failed: Only part of a ReadProcessMemory or WriteProcessMemory request was completed. (0x12B)
[0402/012821.150:ERROR:process_memory_win.cc(73)] ReadMemory at 0x1efe15d3a50 of 512 bytes failed: Only part of a ReadProcessMemory or WriteProcessMemory request was completed. (0x12B)
[0402/012821.151:ERROR:process_memory_win.cc(73)] ReadMemory at 0x1efe1812b80 of 512 bytes failed: Only part of a ReadProcessMemory or WriteProcessMemory request was completed. (0x12B)
[0402/012821.151:ERROR:process_memory_win.cc(73)] ReadMemory at 0x1efe1814910 of 512 bytes failed: Only part of a ReadProcessMemory or WriteProcessMemory request was completed. (0x12B)
[0402/012821.151:ERROR:process_memory_win.cc(73)] ReadMemory at 0x1efe1815330 of 512 bytes failed: Only part of a ReadProcessMemory or WriteProcessMemory request was completed. (0x12B)
[0402/012821.151:ERROR:process_memory_win.cc(73)] ReadMemory at 0x1efe1823108 of 512 bytes failed: Only part of a ReadProcessMemory or WriteProcessMemory request was completed. (0x12B)
[0402/012821.151:ERROR:process_memory_win.cc(73)] ReadMemory at 0x1efe18289b0 of 712 bytes failed: Only part of a ReadProcessMemory or WriteProcessMemory request was completed. (0x12B)
[0402/012821.151:ERROR:process_memory_win.cc(73)] ReadMemory at 0x1efe182eed0 of 512 bytes failed: Only part of a ReadProcessMemory or WriteProcessMemory request was completed. (0x12B)
[0402/012821.151:ERROR:process_memory_win.cc(73)] ReadMemory at 0x1efe35d2e30 of 512 bytes failed: Only part of a ReadProcessMemory or WriteProcessMemory request was completed. (0x12B)
[0402/012821.151:ERROR:process_memory_win.cc(73)] ReadMemory at 0x1efe364e510 of 512 bytes failed: Only part of a ReadProcessMemory or WriteProcessMemory request was completed. (0x12B)
[0402/012821.151:ERROR:process_memory_win.cc(73)] ReadMemory at 0x1efe36659b0 of 512 bytes failed: Only part of a ReadProcessMemory or WriteProcessMemory request was completed. (0x12B)
[0402/012821.151:ERROR:process_memory_win.cc(73)] ReadMemory at 0x1efe3796980 of 512 bytes failed: Only part of a ReadProcessMemory or WriteProcessMemory request was completed. (0x12B)
[0402/012821.152:ERROR:process_memory_win.cc(73)] ReadMemory at 0x1efe3799320 of 512 bytes failed: Only part of a ReadProcessMemory or WriteProcessMemory request was completed. (0x12B)
[0402/012821.152:ERROR:process_memory_win.cc(73)] ReadMemory at 0x1efe37ae248 of 656 bytes failed: Only part of a ReadProcessMemory or WriteProcessMemory request was completed. (0x12B)
[0402/012821.152:ERROR:process_memory_win.cc(73)] ReadMemory at 0x1efe37af5f8 of 512 bytes failed: Only part of a ReadProcessMemory or WriteProcessMemory request was completed. (0x12B)
[0402/012821.168:ERROR:process_memory_win.cc(73)] ReadMemory at 0x1efe37c8d00 of 512 bytes failed: Only part of a ReadProcessMemory or WriteProcessMemory request was completed. (0x12B)
[0402/012821.168:ERROR:process_memory_win.cc(73)] ReadMemory at 0x1efe3b76ab8 of 512 bytes failed: Only part of a ReadProcessMemory or WriteProcessMemory request was completed. (0x12B)
[0402/012821.168:ERROR:process_memory_win.cc(73)] ReadMemory at 0x1efe62d3990 of 512 bytes failed: Only part of a ReadProcessMemory or WriteProcessMemory request was completed. (0x12B)
[0402/012821.168:ERROR:process_memory_win.cc(73)] ReadMemory at 0x1efe62d69b0 of 512 bytes failed: Only part of a ReadProcessMemory or WriteProcessMemory request was completed. (0x12B)
[0402/012821.168:ERROR:process_memory_win.cc(73)] ReadMemory at 0x1eff3ee2840 of 512 bytes failed: Only part of a ReadProcessMemory or WriteProcessMemory request was completed. (0x12B)
[0402/012821.168:ERROR:process_memory_win.cc(73)] ReadMemory at 0x7ffc54417a8d of 512 bytes failed: Only part of a ReadProcessMemory or WriteProcessMemory request was completed. (0x12B)
[0402/012821.168:ERROR:process_memory_win.cc(73)] ReadMemory at 0x7ffc54418285 of 512 bytes failed: Only part of a ReadProcessMemory or WriteProcessMemory request was completed. (0x12B)
[0402/012821.168:ERROR:process_memory_win.cc(73)] ReadMemory at 0x7ffc73d42af4 of 512 bytes failed: Only part of a ReadProcessMemory or WriteProcessMemory request was completed. (0x12B)
[0402/012821.169:ERROR:process_memory_win.cc(73)] ReadMemory at 0x7ffc857c0000 of 384 bytes failed: Only part of a ReadProcessMemory or WriteProcessMemory request was completed. (0x12B)
[0402/012821.169:ERROR:process_memory_win.cc(73)] ReadMemory at 0x7ffc8580ff00 of 512 bytes failed: Only part of a ReadProcessMemory or WriteProcessMemory request was completed. (0x12B)
[0402/012821.169:ERROR:process_memory_win.cc(73)] ReadMemory at 0x7ffc8585f754 of 672 bytes failed: Only part of a ReadProcessMemory or WriteProcessMemory request was completed. (0x12B)
[0402/012821.169:ERROR:process_memory_win.cc(73)] ReadMemory at 0x7ffc85862fe4 of 608 bytes failed: Only part of a ReadProcessMemory or WriteProcessMemory request was completed. (0x12B)
[0402/012821.169:ERROR:process_memory_win.cc(73)] ReadMemory at 0x7ffc858ec0c8 of 18 bytes failed: Only part of a ReadProcessMemory or WriteProcessMemory request was completed. (0x12B)
[0402/012821.169:ERROR:process_memory_win.cc(73)] ReadMemory at 0x7ffc8591f4f8 of 40 bytes failed: Only part of a ReadProcessMemory or WriteProcessMemory request was completed. (0x12B)
[0402/012821.170:ERROR:process_memory_win.cc(73)] ReadMemory at 0x7ffc8591f978 of 48 bytes failed: Only part of a ReadProcessMemory or WriteProcessMemory request was completed. (0x12B)
[0402/012821.170:ERROR:process_memory_win.cc(73)] ReadMemory at 0x7ffc859253c0 of 64 bytes failed: Only part of a ReadProcessMemory or WriteProcessMemory request was completed. (0x12B)
[0402/012821.171:ERROR:scoped_process_suspend.cc(40)] NtResumeProcess: An attempt was made to access an exiting process. (0xc000010a)
[0407/095354.854:ERROR:settings.cc(320)] Settings magic is not 1129342067
